<?xml version="1.0" encoding="UTF-8"?>
<!-- Generated by org.testng.reporters.JUnitReportReporter -->
<testsuite hostname="Prashant" failures="0" tests="1" name="com.ExcelR_Project_3.Amazon.runTestcases" time="16.829" errors="0" timestamp="2023-10-27T17:11:10 EDT" skipped="0">
  <testcase classname="com.ExcelR_Project_3.Amazon.runTestcases" name="addProductsToCart_Verification" time="16.829"/>
</testsuite> <!-- com.ExcelR_Project_3.Amazon.runTestcases -->
